<?xml version="1.0" encoding="UTF-8"?><testsuite errors="0" failures="0" name="com.lc.df.studentapp.studentinfo.StudentCURDTest" skipped="0" tests="4" time="27.82" timestamp="2020-05-20T14:03:11.473+01:00[Europe/London]"><testcase classname="com.lc.df.studentapp.studentinfo.StudentCURDTest" name="This test will create a new student"/><testcase classname="com.lc.df.studentapp.studentinfo.StudentCURDTest" name="Verify if the student was added to the application"/><testcase classname="com.lc.df.studentapp.studentinfo.StudentCURDTest" name="Update the user information and verify the update information"/><testcase classname="com.lc.df.studentapp.studentinfo.StudentCURDTest" name="Delete the student and verify if the student is deleted!"/></testsuite>